  kursova.cpp
  kursova.vcxproj -> C:\Users\ukrvo\source\repos\ChornobukVV\VirtualStreamDeck\kursova\x64\Debug\kursova.exe
  Adding local dependencyC:/Users/ukrvo/source/repos/ChornobukVV/VirtualStreamDeck/kursova/x64/Debug/MSVCP140D.dll
  Adding local dependencyC:/Users/ukrvo/source/repos/ChornobukVV/VirtualStreamDeck/kursova/x64/Debug/VCRUNTIME140D.dll
  Adding local dependencyC:/Users/ukrvo/source/repos/ChornobukVV/VirtualStreamDeck/kursova/x64/Debug/VCRUNTIME140_1D.dll
  Adding local dependencyC:/Users/ukrvo/source/repos/ChornobukVV/VirtualStreamDeck/kursova/x64/Debug/MSVCP140_1D.dll
  Adding local dependencyC:/Users/ukrvo/source/repos/ChornobukVV/VirtualStreamDeck/kursova/x64/Debug/MSVCP140_2D.dll
  Adding local dependencyC:/Users/ukrvo/source/repos/ChornobukVV/VirtualStreamDeck/kursova/x64/Debug/icuuc.dll
  C:\Users\ukrvo\source\repos\ChornobukVV\VirtualStreamDeck\kursova\x64\Debug\kursova.exe 64 bit, debug executable
  Adding in plugin type generic for module: Qt6Gui
  Adding Qt6Network for qtuiotouchplugind.dll from plugin type: generic
  Adding in plugin type iconengines for module: Qt6Gui
EXEC : warning : Cannot find Visual Studio installation directory, VCINSTALLDIR is not set.
  Adding Qt6Svg for qsvgicond.dll from plugin type: iconengines
  Adding in plugin type imageformats for module: Qt6Gui
  Adding in plugin type networkinformation for module: Qt6Network
  Adding in plugin type platforms for module: Qt6Gui
  Adding in plugin type styles for module: Qt6Widgets
  Adding in plugin type tls for module: Qt6Network
  Skipping plugin qopensslbackendd.dll. Use -force-openssl or specify -openssl-root if you want to use it.
  Performing additional pass of finding Qt plugins due to updated Qt module list: Qt6Core Qt6Gui Qt6Network Qt6Svg Qt6Widgets
  Adding in plugin type generic for module: Qt6Gui
  Adding in plugin type iconengines for module: Qt6Gui
  Adding in plugin type imageformats for module: Qt6Gui
  Adding in plugin type networkinformation for module: Qt6Network
  Adding in plugin type platforms for module: Qt6Gui
  Adding in plugin type styles for module: Qt6Widgets
  Adding in plugin type tls for module: Qt6Network
  Skipping plugin qopensslbackendd.dll. Use -force-openssl or specify -openssl-root if you want to use it.
  Direct dependencies: Qt6Core Qt6Gui Qt6Widgets
  All dependencies   : Qt6Core Qt6Gui Qt6Widgets
  To be deployed     : Qt6Core Qt6Gui Qt6Network Qt6Svg Qt6Widgets
  icuuc.dll is up to date.
  Qt6Cored.dll is up to date.
  Qt6Guid.dll is up to date.
  Qt6Networkd.dll is up to date.
  Qt6Svgd.dll is up to date.
  Qt6Widgetsd.dll is up to date.
  opengl32sw.dll is up to date.
  D3Dcompiler_47.dll is up to date.
  dxcompiler.dll is up to date.
  dxil.dll is up to date.
  qtuiotouchplugind.dll is up to date.
  qsvgicond.dll is up to date.
  qgifd.dll is up to date.
  qicod.dll is up to date.
  qjpegd.dll is up to date.
  qsvgd.dll is up to date.
  qnetworklistmanagerd.dll is up to date.
  qwindowsd.dll is up to date.
  qmodernwindowsstyled.dll is up to date.
  qcertonlybackendd.dll is up to date.
  qschannelbackendd.dll is up to date.
  Creating qt_ar.qm...
  Creating qt_bg.qm...
  Creating qt_ca.qm...
  Creating qt_cs.qm...
  Creating qt_da.qm...
  Creating qt_de.qm...
  Creating qt_en.qm...
  Creating qt_es.qm...
  Creating qt_fa.qm...
  Creating qt_fi.qm...
  Creating qt_fr.qm...
  Creating qt_gd.qm...
  Creating qt_he.qm...
  Creating qt_hr.qm...
  Creating qt_hu.qm...
  Creating qt_it.qm...
  Creating qt_ja.qm...
  Creating qt_ka.qm...
  Creating qt_ko.qm...
  Creating qt_lg.qm...
  Creating qt_lv.qm...
  Creating qt_nl.qm...
  Creating qt_nn.qm...
  Creating qt_pl.qm...
  Creating qt_pt_BR.qm...
  Creating qt_ru.qm...
  Creating qt_sk.qm...
  Creating qt_sv.qm...
  Creating qt_tr.qm...
  Creating qt_uk.qm...
  Creating qt_zh_CN.qm...
  Creating qt_zh_TW.qm...
